<?xml version="1.0" encoding="UTF-8"?>
<testsuite xmlns:xsi="http://www.w3.org/2001/XMLSchema-instance" xsi:noNamespaceSchemaLocation="https://maven.apache.org/surefire/maven-failsafe-plugin/xsd/failsafe-test-report.xsd" version="3.0.2" name="DAO.ProductoDAOIT" time="0.229" tests="4" errors="0" skipped="0" failures="0">
  <properties>
[...]
</properties>
  <testcase name="testObtener" classname="DAO.ProductoDAOIT" time="0.025">
    <system-out><![CDATA[Test de ProductoDAO.obtener()
]]></system-out>
  </testcase>
  <testcase name="testConsultarLista" classname="DAO.ProductoDAOIT" time="0.003">
    <system-out><![CDATA[Test de CategoriaDAO.consultarLista()
]]></system-out>
  </testcase>
  <testcase name="testEliminar" classname="DAO.ProductoDAOIT" time="0.004">
    <system-out><![CDATA[Test de ProductoDAO.eliminar()
]]></system-out>
  </testcase>
  <testcase name="testInsertar" classname="DAO.ProductoDAOIT" time="0.002">
    <system-out><![CDATA[Test de ProductoDAO.insertar()
]]></system-out>
  </testcase>
</testsuite>